2026-01-16 15:08:00,295 INFO o.a.j.u.JMeterUtils: Setting Locale to en_EN
2026-01-16 15:08:00,319 INFO o.a.j.JMeter: Loading user properties from: user.properties
2026-01-16 15:08:00,320 INFO o.a.j.JMeter: Loading system properties from: system.properties
2026-01-16 15:08:00,327 INFO o.a.j.JMeter: Copyright (c) 1998-2024 The Apache Software Foundation
2026-01-16 15:08:00,327 INFO o.a.j.JMeter: Version 5.6.3
2026-01-16 15:08:00,327 INFO o.a.j.JMeter: java.version=21.0.2
2026-01-16 15:08:00,327 INFO o.a.j.JMeter: java.vm.name=OpenJDK 64-Bit Server VM
2026-01-16 15:08:00,327 INFO o.a.j.JMeter: os.name=Mac OS X
2026-01-16 15:08:00,327 INFO o.a.j.JMeter: os.arch=x86_64
2026-01-16 15:08:00,327 INFO o.a.j.JMeter: os.version=15.4.1
2026-01-16 15:08:00,328 INFO o.a.j.JMeter: file.encoding=UTF-8
2026-01-16 15:08:00,328 INFO o.a.j.JMeter: java.awt.headless=null
2026-01-16 15:08:00,328 INFO o.a.j.JMeter: Max memory     =1073741824
2026-01-16 15:08:00,328 INFO o.a.j.JMeter: Available Processors =8
2026-01-16 15:08:00,338 INFO o.a.j.JMeter: Default Locale=English (EN)
2026-01-16 15:08:00,339 INFO o.a.j.JMeter: JMeter  Locale=English (EN)
2026-01-16 15:08:00,339 INFO o.a.j.JMeter: JMeterHome=/Users/karlmarxroxas/Documents/jmeter/apache-jmeter-5.6.3
2026-01-16 15:08:00,339 INFO o.a.j.JMeter: user.dir  =/Users/karlmarxroxas/Documents/jmeter/apache-jmeter-5.6.3/bin
2026-01-16 15:08:00,340 INFO o.a.j.JMeter: PWD       =/Users/karlmarxroxas/Documents/jmeter/apache-jmeter-5.6.3/bin
2026-01-16 15:08:00,355 INFO o.a.j.JMeter: IP: 192.168.1.58 Name: Amihans-MacBook-Pro.local FullName: 192.168.1.58
2026-01-16 15:08:00,377 INFO o.a.j.JMeter: Loaded icon properties from org/apache/jmeter/images/icon.properties
2026-01-16 15:08:00,930 INFO o.a.j.JMeterGuiLauncher: Setting LAF to: com.github.weisj.darklaf.DarkLaf:com.github.weisj.darklaf.theme.DarculaTheme
2026-01-16 15:08:17,888 INFO o.a.j.s.FileServer: Default base='/Users/karlmarxroxas/Documents/jmeter/apache-jmeter-5.6.3/bin'
2026-01-16 15:08:17,891 INFO o.a.j.g.a.Load: Loading file: /Users/karlmarxroxas/Documents/jmeter/rps-load-test-scripts.jmx
2026-01-16 15:08:17,891 INFO o.a.j.s.FileServer: Set new base='/Users/karlmarxroxas/Documents/jmeter'
2026-01-16 15:08:18,080 INFO o.a.j.s.SaveService: Testplan (JMX) version: 2.2. Testlog (JTL) version: 2.2
2026-01-16 15:08:18,107 INFO o.a.j.s.SaveService: Using SaveService properties version 5.0
2026-01-16 15:08:18,109 INFO o.a.j.s.SaveService: Using SaveService properties file encoding UTF-8
2026-01-16 15:08:18,111 INFO o.a.j.s.SaveService: Loading file: /Users/karlmarxroxas/Documents/jmeter/rps-load-test-scripts.jmx
2026-01-16 15:08:18,142 INFO o.a.j.p.h.s.HTTPSamplerBase: Parser for text/html is org.apache.jmeter.protocol.http.parser.LagartoBasedHtmlParser
2026-01-16 15:08:18,142 INFO o.a.j.p.h.s.HTTPSamplerBase: Parser for application/xhtml+xml is org.apache.jmeter.protocol.http.parser.LagartoBasedHtmlParser
2026-01-16 15:08:18,142 INFO o.a.j.p.h.s.HTTPSamplerBase: Parser for application/xml is org.apache.jmeter.protocol.http.parser.LagartoBasedHtmlParser
2026-01-16 15:08:18,143 INFO o.a.j.p.h.s.HTTPSamplerBase: Parser for text/xml is org.apache.jmeter.protocol.http.parser.LagartoBasedHtmlParser
2026-01-16 15:08:18,143 INFO o.a.j.p.h.s.HTTPSamplerBase: Parser for text/vnd.wap.wml is org.apache.jmeter.protocol.http.parser.RegexpHTMLParser
2026-01-16 15:08:18,143 INFO o.a.j.p.h.s.HTTPSamplerBase: Parser for text/css is org.apache.jmeter.protocol.http.parser.CssParser
2026-01-16 15:08:18,450 INFO o.a.j.s.SampleResult: Note: Sample TimeStamps are START times
2026-01-16 15:08:18,450 INFO o.a.j.s.SampleResult: sampleresult.default.encoding is set to UTF-8
2026-01-16 15:08:18,450 INFO o.a.j.s.SampleResult: sampleresult.useNanoTime=true
2026-01-16 15:08:18,450 INFO o.a.j.s.SampleResult: sampleresult.nanoThreadSleep=5000
2026-01-16 15:08:19,997 INFO o.a.j.s.FileServer: Set new base='/Users/karlmarxroxas/Documents/jmeter'
2026-01-16 15:52:19,521 INFO o.a.j.e.StandardJMeterEngine: Running the test!
2026-01-16 15:52:19,523 INFO o.a.j.s.SampleEvent: List of sample_variables: []
2026-01-16 15:52:19,523 INFO o.a.j.s.SampleEvent: List of sample_variables: []
2026-01-16 15:52:19,524 INFO o.a.j.e.u.CompoundVariable: Note: Function class names must contain the string: '.functions.'
2026-01-16 15:52:19,524 INFO o.a.j.e.u.CompoundVariable: Note: Function class names must not contain the string: '.gui.'
2026-01-16 15:52:19,579 INFO o.a.j.g.u.JMeterMenuBar: setRunning(true, *local*)
2026-01-16 15:52:19,692 INFO o.a.j.e.StandardJMeterEngine: Starting ThreadGroup: 1 : Users
2026-01-16 15:52:19,693 INFO o.a.j.e.StandardJMeterEngine: Starting 1 threads for group Users.
2026-01-16 15:52:19,693 INFO o.a.j.e.StandardJMeterEngine: Thread will continue on error
2026-01-16 15:52:19,693 INFO o.a.j.t.ThreadGroup: Starting thread group... number=1 threads=1 ramp-up=1 delayedStart=false
2026-01-16 15:52:19,698 INFO o.a.j.t.ThreadGroup: Started thread group number 1
2026-01-16 15:52:19,698 INFO o.a.j.e.StandardJMeterEngine: All thread groups have been started
2026-01-16 15:52:19,704 INFO o.a.j.t.JMeterThread: Thread started: Users 1-1
2026-01-16 15:52:19,728 INFO o.a.j.p.h.s.HTTPHCAbstractImpl: Local host = Amihans-MacBook-Pro.local
2026-01-16 15:52:19,741 INFO o.a.j.p.h.s.HTTPHC4Impl: HTTP request retry count = 0
2026-01-16 15:52:19,886 INFO o.a.j.p.h.s.h.LazyLayeredConnectionSocketFactory: Setting up HTTPS TrustAll Socket Factory
2026-01-16 15:52:19,891 INFO o.a.j.u.JsseSSLManager: Using default SSL protocol: TLS
2026-01-16 15:52:19,891 INFO o.a.j.u.JsseSSLManager: SSL session context: per-thread
2026-01-16 15:52:19,980 INFO o.a.j.u.SSLManager: JmeterKeyStore Location:  type JKS
2026-01-16 15:52:19,982 INFO o.a.j.u.SSLManager: KeyStore created OK
2026-01-16 15:52:19,983 WARN o.a.j.u.SSLManager: Keystore file not found, loading empty keystore
2026-01-16 15:52:27,421 INFO o.a.j.s.FileServer: Stored: /Users/karlmarxroxas/Documents/jmeter/csvs/director-e1a.csv
2026-01-16 15:52:44,650 INFO o.a.j.s.FileServer: Stored: /Users/karlmarxroxas/Documents/jmeter/csvs/officer-e1a.csv
2026-01-16 15:53:02,587 INFO o.a.j.s.FileServer: Stored: /Users/karlmarxroxas/Documents/jmeter/indi.csv
2026-01-16 15:54:10,421 INFO o.a.j.g.a.Start: Stopping test
2026-01-16 15:54:10,450 INFO o.a.j.t.JMeterThread: Stopping: Users 1-1
2026-01-16 15:54:10,450 WARN o.a.j.t.JMeterThread: Interrupting: Users 1-1 sampler: Create - Director
2026-01-16 15:54:10,454 INFO o.a.j.t.JMeterThread: Thread finished: Users 1-1
2026-01-16 15:54:10,456 INFO o.a.j.e.StandardJMeterEngine: Notifying test listeners of end of test
2026-01-16 15:54:10,456 INFO o.a.j.s.FileServer: Close: /Users/karlmarxroxas/Documents/jmeter/csvs/director-e1a.csv
2026-01-16 15:54:10,458 INFO o.a.j.s.FileServer: Close: /Users/karlmarxroxas/Documents/jmeter/csvs/officer-e1a.csv
2026-01-16 15:54:10,458 INFO o.a.j.s.FileServer: Close: /Users/karlmarxroxas/Documents/jmeter/indi.csv
2026-01-16 15:54:10,458 INFO o.a.j.g.u.JMeterMenuBar: setRunning(false, *local*)
2026-01-16 15:58:23,359 INFO o.a.j.e.StandardJMeterEngine: Running the test!
2026-01-16 15:58:23,360 INFO o.a.j.s.SampleEvent: List of sample_variables: []
2026-01-16 15:58:23,364 INFO o.a.j.g.u.JMeterMenuBar: setRunning(true, *local*)
2026-01-16 15:58:23,445 INFO o.a.j.e.StandardJMeterEngine: Starting ThreadGroup: 1 : Users
2026-01-16 15:58:23,447 INFO o.a.j.e.StandardJMeterEngine: Starting 1 threads for group Users.
2026-01-16 15:58:23,447 INFO o.a.j.e.StandardJMeterEngine: Thread will continue on error
2026-01-16 15:58:23,447 INFO o.a.j.t.ThreadGroup: Starting thread group... number=1 threads=1 ramp-up=1 delayedStart=false
2026-01-16 15:58:23,450 INFO o.a.j.t.ThreadGroup: Started thread group number 1
2026-01-16 15:58:23,451 INFO o.a.j.e.StandardJMeterEngine: All thread groups have been started
2026-01-16 15:58:23,452 INFO o.a.j.t.JMeterThread: Thread started: Users 1-1
2026-01-16 15:58:30,828 INFO o.a.j.s.FileServer: Stored: /Users/karlmarxroxas/Documents/jmeter/csvs/director-e1a.csv
2026-01-16 15:58:43,074 INFO o.a.j.s.FileServer: Stored: /Users/karlmarxroxas/Documents/jmeter/csvs/officer-e1a.csv
2026-01-16 15:58:58,483 INFO o.a.j.s.FileServer: Stored: /Users/karlmarxroxas/Documents/jmeter/indi.csv
2026-01-16 15:58:59,955 INFO o.a.j.g.a.Start: Stopping test
2026-01-16 15:58:59,984 INFO o.a.j.t.JMeterThread: Stopping: Users 1-1
2026-01-16 15:58:59,985 WARN o.a.j.t.JMeterThread: Interrupting: Users 1-1 sampler: Child of Director
2026-01-16 15:58:59,987 INFO o.a.j.t.JMeterThread: Thread finished: Users 1-1
2026-01-16 15:58:59,987 INFO o.a.j.e.StandardJMeterEngine: Notifying test listeners of end of test
2026-01-16 15:58:59,987 INFO o.a.j.s.FileServer: Close: /Users/karlmarxroxas/Documents/jmeter/csvs/director-e1a.csv
2026-01-16 15:58:59,988 INFO o.a.j.s.FileServer: Close: /Users/karlmarxroxas/Documents/jmeter/csvs/officer-e1a.csv
2026-01-16 15:58:59,988 INFO o.a.j.s.FileServer: Close: /Users/karlmarxroxas/Documents/jmeter/indi.csv
2026-01-16 15:58:59,988 INFO o.a.j.g.u.JMeterMenuBar: setRunning(false, *local*)
2026-01-16 15:59:04,506 INFO o.a.j.e.StandardJMeterEngine: Running the test!
2026-01-16 15:59:04,507 INFO o.a.j.s.SampleEvent: List of sample_variables: []
2026-01-16 15:59:04,510 INFO o.a.j.g.u.JMeterMenuBar: setRunning(true, *local*)
2026-01-16 15:59:04,575 INFO o.a.j.e.StandardJMeterEngine: Starting ThreadGroup: 1 : Users
2026-01-16 15:59:04,575 INFO o.a.j.e.StandardJMeterEngine: Starting 1 threads for group Users.
2026-01-16 15:59:04,575 INFO o.a.j.e.StandardJMeterEngine: Thread will continue on error
2026-01-16 15:59:04,576 INFO o.a.j.t.ThreadGroup: Starting thread group... number=1 threads=1 ramp-up=1 delayedStart=false
2026-01-16 15:59:04,577 INFO o.a.j.t.ThreadGroup: Started thread group number 1
2026-01-16 15:59:04,577 INFO o.a.j.e.StandardJMeterEngine: All thread groups have been started
2026-01-16 15:59:04,578 INFO o.a.j.t.JMeterThread: Thread started: Users 1-1
2026-01-16 15:59:17,250 INFO o.a.j.s.FileServer: Stored: /Users/karlmarxroxas/Documents/jmeter/csvs/director-e1a.csv
2026-01-16 15:59:28,746 INFO o.a.j.s.FileServer: Stored: /Users/karlmarxroxas/Documents/jmeter/csvs/officer-e1a.csv
2026-01-16 15:59:39,239 INFO o.a.j.s.FileServer: Stored: /Users/karlmarxroxas/Documents/jmeter/indi.csv
2026-01-16 16:00:11,617 INFO o.a.j.g.a.Start: Stopping test
2026-01-16 16:00:11,636 INFO o.a.j.t.JMeterThread: Stopping: Users 1-1
2026-01-16 16:00:11,637 WARN o.a.j.t.JMeterThread: The delay timer was interrupted - probably did not wait as long as intended.
2026-01-16 16:00:11,637 INFO o.a.j.t.JMeterThread: Thread finished: Users 1-1
2026-01-16 16:00:11,638 INFO o.a.j.e.StandardJMeterEngine: Notifying test listeners of end of test
2026-01-16 16:00:11,639 INFO o.a.j.s.FileServer: Close: /Users/karlmarxroxas/Documents/jmeter/csvs/director-e1a.csv
2026-01-16 16:00:11,639 INFO o.a.j.s.FileServer: Close: /Users/karlmarxroxas/Documents/jmeter/csvs/officer-e1a.csv
2026-01-16 16:00:11,639 INFO o.a.j.s.FileServer: Close: /Users/karlmarxroxas/Documents/jmeter/indi.csv
2026-01-16 16:00:11,639 INFO o.a.j.g.u.JMeterMenuBar: setRunning(false, *local*)
2026-01-16 16:14:48,287 INFO o.a.j.e.StandardJMeterEngine: Running the test!
2026-01-16 16:14:48,288 INFO o.a.j.s.SampleEvent: List of sample_variables: []
2026-01-16 16:14:48,289 INFO o.a.j.g.u.JMeterMenuBar: setRunning(true, *local*)
2026-01-16 16:14:48,363 INFO o.a.j.e.StandardJMeterEngine: Starting ThreadGroup: 1 : Users
2026-01-16 16:14:48,363 INFO o.a.j.e.StandardJMeterEngine: Starting 1 threads for group Users.
2026-01-16 16:14:48,364 INFO o.a.j.e.StandardJMeterEngine: Thread will continue on error
2026-01-16 16:14:48,364 INFO o.a.j.t.ThreadGroup: Starting thread group... number=1 threads=1 ramp-up=1 delayedStart=false
2026-01-16 16:14:48,364 INFO o.a.j.t.ThreadGroup: Started thread group number 1
2026-01-16 16:14:48,364 INFO o.a.j.e.StandardJMeterEngine: All thread groups have been started
2026-01-16 16:14:48,365 INFO o.a.j.t.JMeterThread: Thread started: Users 1-1
2026-01-16 16:14:57,130 INFO o.a.j.s.FileServer: Stored: /Users/karlmarxroxas/Documents/jmeter/csvs/companies.csv
2026-01-16 16:15:39,304 INFO o.a.j.g.a.Start: Stopping test
2026-01-16 16:15:39,330 INFO o.a.j.t.JMeterThread: Stopping: Users 1-1
2026-01-16 16:15:39,331 WARN o.a.j.t.JMeterThread: Interrupting: Users 1-1 sampler: Company with Connections - BDO 1% and 15%
2026-01-16 16:15:39,333 INFO o.a.j.t.JMeterThread: Thread finished: Users 1-1
2026-01-16 16:15:39,333 INFO o.a.j.e.StandardJMeterEngine: Notifying test listeners of end of test
2026-01-16 16:15:39,333 INFO o.a.j.s.FileServer: Close: /Users/karlmarxroxas/Documents/jmeter/csvs/companies.csv
2026-01-16 16:15:39,334 INFO o.a.j.g.u.JMeterMenuBar: setRunning(false, *local*)
2026-01-16 17:45:38,699 INFO o.a.j.e.StandardJMeterEngine: Running the test!
2026-01-16 17:45:38,704 INFO o.a.j.s.SampleEvent: List of sample_variables: []
2026-01-16 17:45:38,705 INFO o.a.j.g.u.JMeterMenuBar: setRunning(true, *local*)
2026-01-16 17:45:38,806 INFO o.a.j.e.StandardJMeterEngine: Starting ThreadGroup: 1 : Users
2026-01-16 17:45:38,806 INFO o.a.j.e.StandardJMeterEngine: Starting 1 threads for group Users.
2026-01-16 17:45:38,806 INFO o.a.j.e.StandardJMeterEngine: Thread will continue on error
2026-01-16 17:45:38,807 INFO o.a.j.t.ThreadGroup: Starting thread group... number=1 threads=1 ramp-up=1 delayedStart=false
2026-01-16 17:45:38,807 INFO o.a.j.t.ThreadGroup: Started thread group number 1
2026-01-16 17:45:38,808 INFO o.a.j.e.StandardJMeterEngine: All thread groups have been started
2026-01-16 17:45:38,808 INFO o.a.j.t.JMeterThread: Thread started: Users 1-1
2026-01-16 17:45:45,269 INFO o.a.j.s.FileServer: Stored: /Users/karlmarxroxas/Documents/jmeter/csvs/companies.csv
2026-01-16 17:46:25,119 INFO o.a.j.g.a.Start: Stopping test
2026-01-16 17:46:25,141 INFO o.a.j.t.JMeterThread: Stopping: Users 1-1
2026-01-16 17:46:25,141 WARN o.a.j.t.JMeterThread: The delay timer was interrupted - probably did not wait as long as intended.
2026-01-16 17:46:25,142 INFO o.a.j.t.JMeterThread: Thread finished: Users 1-1
2026-01-16 17:46:25,143 INFO o.a.j.e.StandardJMeterEngine: Notifying test listeners of end of test
2026-01-16 17:46:25,143 INFO o.a.j.s.FileServer: Close: /Users/karlmarxroxas/Documents/jmeter/csvs/companies.csv
2026-01-16 17:46:25,143 INFO o.a.j.g.u.JMeterMenuBar: setRunning(false, *local*)
2026-01-16 18:45:40,304 INFO o.a.j.e.StandardJMeterEngine: Running the test!
2026-01-16 18:45:40,306 INFO o.a.j.s.SampleEvent: List of sample_variables: []
2026-01-16 18:45:40,307 INFO o.a.j.g.u.JMeterMenuBar: setRunning(true, *local*)
2026-01-16 18:45:40,388 INFO o.a.j.e.StandardJMeterEngine: Starting ThreadGroup: 1 : Users
2026-01-16 18:45:40,388 INFO o.a.j.e.StandardJMeterEngine: Starting 1 threads for group Users.
2026-01-16 18:45:40,388 INFO o.a.j.e.StandardJMeterEngine: Thread will continue on error
2026-01-16 18:45:40,388 INFO o.a.j.t.ThreadGroup: Starting thread group... number=1 threads=1 ramp-up=1 delayedStart=false
2026-01-16 18:45:40,389 INFO o.a.j.t.ThreadGroup: Started thread group number 1
2026-01-16 18:45:40,389 INFO o.a.j.e.StandardJMeterEngine: All thread groups have been started
2026-01-16 18:45:40,390 INFO o.a.j.t.JMeterThread: Thread started: Users 1-1
2026-01-16 18:45:46,812 INFO o.a.j.s.FileServer: Stored: /Users/karlmarxroxas/Documents/jmeter/create-non-indi-no-relationship.csv
2026-01-16 18:46:01,899 INFO o.a.j.g.a.Start: Stopping test
2026-01-16 18:46:01,922 INFO o.a.j.t.JMeterThread: Stopping: Users 1-1
2026-01-16 18:46:01,923 WARN o.a.j.t.JMeterThread: The delay timer was interrupted - probably did not wait as long as intended.
2026-01-16 18:46:01,923 INFO o.a.j.t.JMeterThread: Thread finished: Users 1-1
2026-01-16 18:46:01,924 INFO o.a.j.e.StandardJMeterEngine: Notifying test listeners of end of test
2026-01-16 18:46:01,924 INFO o.a.j.s.FileServer: Close: /Users/karlmarxroxas/Documents/jmeter/create-non-indi-no-relationship.csv
2026-01-16 18:46:01,925 INFO o.a.j.g.u.JMeterMenuBar: setRunning(false, *local*)
2026-01-16 18:48:05,059 INFO o.a.j.e.StandardJMeterEngine: Running the test!
2026-01-16 18:48:05,060 INFO o.a.j.s.SampleEvent: List of sample_variables: []
2026-01-16 18:48:05,063 INFO o.a.j.g.u.JMeterMenuBar: setRunning(true, *local*)
2026-01-16 18:48:05,128 INFO o.a.j.e.StandardJMeterEngine: Starting ThreadGroup: 1 : Users
2026-01-16 18:48:05,129 INFO o.a.j.e.StandardJMeterEngine: Starting 1 threads for group Users.
2026-01-16 18:48:05,129 INFO o.a.j.e.StandardJMeterEngine: Thread will continue on error
2026-01-16 18:48:05,129 INFO o.a.j.t.ThreadGroup: Starting thread group... number=1 threads=1 ramp-up=1 delayedStart=false
2026-01-16 18:48:05,130 INFO o.a.j.t.ThreadGroup: Started thread group number 1
2026-01-16 18:48:05,130 INFO o.a.j.e.StandardJMeterEngine: All thread groups have been started
2026-01-16 18:48:05,131 INFO o.a.j.t.JMeterThread: Thread started: Users 1-1
2026-01-16 18:48:14,727 INFO o.a.j.s.FileServer: Stored: /Users/karlmarxroxas/Documents/jmeter/create-non-indi-no-relationship.csv
2026-01-16 18:48:41,080 INFO o.a.j.g.a.Start: Stopping test
2026-01-16 18:48:41,108 INFO o.a.j.t.JMeterThread: Stopping: Users 1-1
2026-01-16 18:48:41,108 WARN o.a.j.t.JMeterThread: Interrupting: Users 1-1 sampler: Create Non-Individual - No Relationship
2026-01-16 18:48:41,110 INFO o.a.j.t.JMeterThread: Thread finished: Users 1-1
2026-01-16 18:48:41,111 INFO o.a.j.e.StandardJMeterEngine: Notifying test listeners of end of test
2026-01-16 18:48:41,111 INFO o.a.j.s.FileServer: Close: /Users/karlmarxroxas/Documents/jmeter/create-non-indi-no-relationship.csv
2026-01-16 18:48:41,111 INFO o.a.j.g.u.JMeterMenuBar: setRunning(false, *local*)
2026-01-16 18:53:06,484 INFO o.a.j.e.StandardJMeterEngine: Running the test!
2026-01-16 18:53:06,485 INFO o.a.j.s.SampleEvent: List of sample_variables: []
2026-01-16 18:53:06,486 INFO o.a.j.g.u.JMeterMenuBar: setRunning(true, *local*)
2026-01-16 18:53:06,545 INFO o.a.j.e.StandardJMeterEngine: Starting ThreadGroup: 1 : Users
2026-01-16 18:53:06,546 INFO o.a.j.e.StandardJMeterEngine: Starting 1 threads for group Users.
2026-01-16 18:53:06,546 INFO o.a.j.e.StandardJMeterEngine: Thread will continue on error
2026-01-16 18:53:06,547 INFO o.a.j.t.ThreadGroup: Starting thread group... number=1 threads=1 ramp-up=1 delayedStart=false
2026-01-16 18:53:06,548 INFO o.a.j.t.ThreadGroup: Started thread group number 1
2026-01-16 18:53:06,548 INFO o.a.j.e.StandardJMeterEngine: All thread groups have been started
2026-01-16 18:53:06,548 INFO o.a.j.t.JMeterThread: Thread started: Users 1-1
2026-01-16 18:53:12,390 INFO o.a.j.s.FileServer: Stored: /Users/karlmarxroxas/Documents/jmeter/create-non-indi-no-relationship.csv
2026-01-16 18:53:52,627 INFO o.a.j.g.a.Start: Stopping test
2026-01-16 18:53:52,649 INFO o.a.j.t.JMeterThread: Stopping: Users 1-1
2026-01-16 18:53:52,649 WARN o.a.j.t.JMeterThread: Interrupting: Users 1-1 sampler: List 100 Persons
2026-01-16 18:53:52,652 INFO o.a.j.t.JMeterThread: Thread finished: Users 1-1
2026-01-16 18:53:52,652 INFO o.a.j.e.StandardJMeterEngine: Notifying test listeners of end of test
2026-01-16 18:53:52,652 INFO o.a.j.s.FileServer: Close: /Users/karlmarxroxas/Documents/jmeter/create-non-indi-no-relationship.csv
2026-01-16 18:53:52,653 INFO o.a.j.g.u.JMeterMenuBar: setRunning(false, *local*)
2026-01-16 18:57:22,019 INFO o.a.j.e.StandardJMeterEngine: Running the test!
2026-01-16 18:57:22,020 INFO o.a.j.s.SampleEvent: List of sample_variables: []
2026-01-16 18:57:22,021 INFO o.a.j.g.u.JMeterMenuBar: setRunning(true, *local*)
2026-01-16 18:57:22,084 INFO o.a.j.e.StandardJMeterEngine: Starting ThreadGroup: 1 : Users
2026-01-16 18:57:22,085 INFO o.a.j.e.StandardJMeterEngine: Starting 1 threads for group Users.
2026-01-16 18:57:22,085 INFO o.a.j.e.StandardJMeterEngine: Thread will continue on error
2026-01-16 18:57:22,085 INFO o.a.j.t.ThreadGroup: Starting thread group... number=1 threads=1 ramp-up=1 delayedStart=false
2026-01-16 18:57:22,086 INFO o.a.j.t.ThreadGroup: Started thread group number 1
2026-01-16 18:57:22,086 INFO o.a.j.e.StandardJMeterEngine: All thread groups have been started
2026-01-16 18:57:22,087 INFO o.a.j.t.JMeterThread: Thread started: Users 1-1
2026-01-16 18:57:30,776 INFO o.a.j.s.FileServer: Stored: /Users/karlmarxroxas/Documents/jmeter/create-non-indi-no-relationship.csv
2026-01-16 19:00:17,051 INFO o.a.j.t.JMeterThread: Thread is done: Users 1-1
2026-01-16 19:00:17,051 INFO o.a.j.t.JMeterThread: Thread finished: Users 1-1
2026-01-16 19:00:17,052 INFO o.a.j.e.StandardJMeterEngine: Notifying test listeners of end of test
2026-01-16 19:00:17,052 INFO o.a.j.s.FileServer: Close: /Users/karlmarxroxas/Documents/jmeter/create-non-indi-no-relationship.csv
2026-01-16 19:00:17,053 INFO o.a.j.g.u.JMeterMenuBar: setRunning(false, *local*)
2026-01-16 19:06:08,741 INFO o.a.j.e.StandardJMeterEngine: Running the test!
2026-01-16 19:06:08,743 INFO o.a.j.s.SampleEvent: List of sample_variables: []
2026-01-16 19:06:08,744 INFO o.a.j.g.u.JMeterMenuBar: setRunning(true, *local*)
2026-01-16 19:06:08,803 INFO o.a.j.e.StandardJMeterEngine: Starting ThreadGroup: 1 : Users
2026-01-16 19:06:08,803 INFO o.a.j.e.StandardJMeterEngine: Starting 1 threads for group Users.
2026-01-16 19:06:08,804 INFO o.a.j.e.StandardJMeterEngine: Thread will continue on error
2026-01-16 19:06:08,804 INFO o.a.j.t.ThreadGroup: Starting thread group... number=1 threads=1 ramp-up=1 delayedStart=false
2026-01-16 19:06:08,805 INFO o.a.j.t.ThreadGroup: Started thread group number 1
2026-01-16 19:06:08,805 INFO o.a.j.e.StandardJMeterEngine: All thread groups have been started
2026-01-16 19:06:08,806 INFO o.a.j.t.JMeterThread: Thread started: Users 1-1
2026-01-16 19:06:14,960 INFO o.a.j.s.FileServer: Stored: /Users/karlmarxroxas/Documents/jmeter/create-non-indi-no-relationship.csv
2026-01-16 19:06:43,482 INFO o.a.j.g.a.Start: Stopping test
2026-01-16 19:06:43,505 INFO o.a.j.t.JMeterThread: Stopping: Users 1-1
2026-01-16 19:06:43,505 WARN o.a.j.t.JMeterThread: Interrupting: Users 1-1 sampler: Create Non-Individual - No Relationship
2026-01-16 19:06:43,508 INFO o.a.j.t.JMeterThread: Thread finished: Users 1-1
2026-01-16 19:06:43,509 INFO o.a.j.e.StandardJMeterEngine: Notifying test listeners of end of test
2026-01-16 19:06:43,509 INFO o.a.j.s.FileServer: Close: /Users/karlmarxroxas/Documents/jmeter/create-non-indi-no-relationship.csv
2026-01-16 19:06:43,509 INFO o.a.j.g.u.JMeterMenuBar: setRunning(false, *local*)
2026-01-16 19:27:51,375 INFO o.a.j.e.StandardJMeterEngine: Running the test!
2026-01-16 19:27:51,377 INFO o.a.j.s.SampleEvent: List of sample_variables: []
2026-01-16 19:27:51,379 INFO o.a.j.g.u.JMeterMenuBar: setRunning(true, *local*)
2026-01-16 19:27:51,440 INFO o.a.j.e.StandardJMeterEngine: Starting ThreadGroup: 1 : Users
2026-01-16 19:27:51,441 INFO o.a.j.e.StandardJMeterEngine: Starting 1 threads for group Users.
2026-01-16 19:27:51,441 INFO o.a.j.e.StandardJMeterEngine: Thread will continue on error
2026-01-16 19:27:51,442 INFO o.a.j.t.ThreadGroup: Starting thread group... number=1 threads=1 ramp-up=1 delayedStart=false
2026-01-16 19:27:51,443 INFO o.a.j.t.ThreadGroup: Started thread group number 1
2026-01-16 19:27:51,443 INFO o.a.j.e.StandardJMeterEngine: All thread groups have been started
2026-01-16 19:27:51,443 INFO o.a.j.t.JMeterThread: Thread started: Users 1-1
2026-01-16 19:27:58,601 INFO o.a.j.s.FileServer: Stored: /Users/karlmarxroxas/Documents/jmeter/create-non-indi-no-relationship.csv
2026-01-16 19:28:42,134 INFO o.a.j.g.a.Start: Stopping test
2026-01-16 19:28:42,162 INFO o.a.j.t.JMeterThread: Stopping: Users 1-1
2026-01-16 19:28:42,162 WARN o.a.j.t.JMeterThread: Interrupting: Users 1-1 sampler: Create Non-Individual - No Relationship
2026-01-16 19:28:42,166 INFO o.a.j.t.JMeterThread: Thread finished: Users 1-1
2026-01-16 19:28:42,167 INFO o.a.j.e.StandardJMeterEngine: Notifying test listeners of end of test
2026-01-16 19:28:42,168 INFO o.a.j.s.FileServer: Close: /Users/karlmarxroxas/Documents/jmeter/create-non-indi-no-relationship.csv
2026-01-16 19:28:42,168 INFO o.a.j.g.u.JMeterMenuBar: setRunning(false, *local*)
2026-01-16 19:29:19,469 INFO o.a.j.e.StandardJMeterEngine: Running the test!
2026-01-16 19:29:19,470 INFO o.a.j.s.SampleEvent: List of sample_variables: []
2026-01-16 19:29:19,471 INFO o.a.j.g.u.JMeterMenuBar: setRunning(true, *local*)
2026-01-16 19:29:19,530 INFO o.a.j.e.StandardJMeterEngine: Starting ThreadGroup: 1 : Users
2026-01-16 19:29:19,531 INFO o.a.j.e.StandardJMeterEngine: Starting 1 threads for group Users.
2026-01-16 19:29:19,531 INFO o.a.j.e.StandardJMeterEngine: Thread will continue on error
2026-01-16 19:29:19,531 INFO o.a.j.t.ThreadGroup: Starting thread group... number=1 threads=1 ramp-up=1 delayedStart=false
2026-01-16 19:29:19,532 INFO o.a.j.t.ThreadGroup: Started thread group number 1
2026-01-16 19:29:19,532 INFO o.a.j.e.StandardJMeterEngine: All thread groups have been started
2026-01-16 19:29:19,532 INFO o.a.j.t.JMeterThread: Thread started: Users 1-1
2026-01-16 19:29:26,645 INFO o.a.j.s.FileServer: Stored: /Users/karlmarxroxas/Documents/jmeter/create-non-indi-no-relationship.csv
2026-01-16 19:29:56,234 INFO o.a.j.g.a.Start: Stopping test
2026-01-16 19:29:56,263 INFO o.a.j.t.JMeterThread: Stopping: Users 1-1
2026-01-16 19:29:56,263 WARN o.a.j.t.JMeterThread: The delay timer was interrupted - probably did not wait as long as intended.
2026-01-16 19:29:56,263 INFO o.a.j.t.JMeterThread: Thread finished: Users 1-1
2026-01-16 19:29:56,265 INFO o.a.j.e.StandardJMeterEngine: Notifying test listeners of end of test
2026-01-16 19:29:56,265 INFO o.a.j.s.FileServer: Close: /Users/karlmarxroxas/Documents/jmeter/create-non-indi-no-relationship.csv
2026-01-16 19:29:56,265 INFO o.a.j.g.u.JMeterMenuBar: setRunning(false, *local*)
2026-01-16 20:06:30,920 INFO o.a.j.e.StandardJMeterEngine: Running the test!
2026-01-16 20:06:30,922 INFO o.a.j.s.SampleEvent: List of sample_variables: []
2026-01-16 20:06:30,923 INFO o.a.j.g.u.JMeterMenuBar: setRunning(true, *local*)
2026-01-16 20:06:30,999 INFO o.a.j.e.StandardJMeterEngine: Starting ThreadGroup: 1 : Users
2026-01-16 20:06:31,000 INFO o.a.j.e.StandardJMeterEngine: Starting 1 threads for group Users.
2026-01-16 20:06:31,000 INFO o.a.j.e.StandardJMeterEngine: Thread will continue on error
2026-01-16 20:06:31,001 INFO o.a.j.t.ThreadGroup: Starting thread group... number=1 threads=1 ramp-up=1 delayedStart=false
2026-01-16 20:06:31,002 INFO o.a.j.t.ThreadGroup: Started thread group number 1
2026-01-16 20:06:31,002 INFO o.a.j.e.StandardJMeterEngine: All thread groups have been started
2026-01-16 20:06:31,002 INFO o.a.j.t.JMeterThread: Thread started: Users 1-1
2026-01-16 20:06:39,321 INFO o.a.j.s.FileServer: Stored: /Users/karlmarxroxas/Documents/jmeter/create-non-indi-no-relationship.csv
2026-01-16 20:07:11,966 INFO o.a.j.g.a.Start: Stopping test
2026-01-16 20:07:11,995 INFO o.a.j.t.JMeterThread: Stopping: Users 1-1
2026-01-16 20:07:11,995 WARN o.a.j.t.JMeterThread: Interrupting: Users 1-1 sampler: Create Non-Individual - No Relationship
2026-01-16 20:07:11,997 INFO o.a.j.t.JMeterThread: Thread finished: Users 1-1
2026-01-16 20:07:11,998 INFO o.a.j.e.StandardJMeterEngine: Notifying test listeners of end of test
2026-01-16 20:07:11,998 INFO o.a.j.s.FileServer: Close: /Users/karlmarxroxas/Documents/jmeter/create-non-indi-no-relationship.csv
2026-01-16 20:07:11,998 INFO o.a.j.g.u.JMeterMenuBar: setRunning(false, *local*)
